0 info it worked if it ends with ok
1 verbose cli [ '/Users/peter/.nvm/versions/node/v5.1.1/bin/node',
1 verbose cli   '/Users/peter/.nvm/versions/node/v5.1.1/bin/npm',
1 verbose cli   '--registry=https://registry.npm.taobao.org',
1 verbose cli   '--cache=/Users/peter/.npm/.cache/cnpm',
1 verbose cli   '--disturl=https://npm.taobao.org/dist',
1 verbose cli   '--userconfig=/Users/peter/.cnpmrc',
1 verbose cli   'i',
1 verbose cli   '-D',
1 verbose cli   'gulp-autoprefixer' ]
2 info using npm@3.3.12
3 info using node@v5.1.1
4 silly loadCurrentTree Starting
5 silly install loadCurrentTree
6 silly install readLocalPackageData
7 silly fetchPackageMetaData gulp-autoprefixer
8 silly fetchNamedPackageData gulp-autoprefixer
9 silly mapToRegistry name gulp-autoprefixer
10 silly mapToRegistry using default registry
11 silly mapToRegistry registry https://registry.npm.taobao.org/
12 silly mapToRegistry uri https://registry.npm.taobao.org/gulp-autoprefixer
13 verbose request uri https://registry.npm.taobao.org/gulp-autoprefixer
14 verbose request no auth needed
15 info attempt registry request try #1 at 15:31:28
16 verbose request id 9336a91b59058dcf
17 verbose etag "854c-5YMVwMKmYudJU+By7J6ZOg"
18 http request GET https://registry.npm.taobao.org/gulp-autoprefixer
19 http 304 https://registry.npm.taobao.org/gulp-autoprefixer
20 verbose headers { date: 'Sun, 27 Dec 2015 07:31:29 GMT',
20 verbose headers   connection: 'keep-alive',
20 verbose headers   etag: '"854c-5YMVwMKmYudJU+By7J6ZOg"',
20 verbose headers   'x-readtime': '28' }
21 silly get cb [ 304,
21 silly get   { date: 'Sun, 27 Dec 2015 07:31:29 GMT',
21 silly get     connection: 'keep-alive',
21 silly get     etag: '"854c-5YMVwMKmYudJU+By7J6ZOg"',
21 silly get     'x-readtime': '28' } ]
22 verbose etag https://registry.npm.taobao.org/gulp-autoprefixer from cache
23 verbose get saving gulp-autoprefixer to /Users/peter/.npm/.cache/cnpm/registry.npm.taobao.org/gulp-autoprefixer/.cache.json
24 silly install normalizeTree
25 silly loadCurrentTree Finishing
26 silly loadIdealTree Starting
27 silly install loadIdealTree
28 silly cloneCurrentTree Starting
29 silly install cloneCurrentTreeToIdealTree
30 silly cloneCurrentTree Finishing
31 silly loadShrinkwrap Starting
32 silly install loadShrinkwrap
33 silly loadShrinkwrap Finishing
34 silly loadAllDepsIntoIdealTree Starting
35 silly install loadAllDepsIntoIdealTree
36 silly resolveWithNewModule gulp-autoprefixer@3.1.0 checking installable status
37 silly cache add args [ 'gulp-autoprefixer', null ]
38 verbose cache add spec gulp-autoprefixer
39 silly cache add parsed spec Result {
39 silly cache add   raw: 'gulp-autoprefixer',
39 silly cache add   scope: null,
39 silly cache add   name: 'gulp-autoprefixer',
39 silly cache add   rawSpec: '',
39 silly cache add   spec: '*',
39 silly cache add   type: 'range' }
40 silly addNamed gulp-autoprefixer@*
41 verbose addNamed "*" is a valid semver range for gulp-autoprefixer
42 silly addNameRange { name: 'gulp-autoprefixer', range: '*', hasData: false }
43 silly mapToRegistry name gulp-autoprefixer
44 silly mapToRegistry using default registry
45 silly mapToRegistry registry https://registry.npm.taobao.org/
46 silly mapToRegistry uri https://registry.npm.taobao.org/gulp-autoprefixer
47 verbose addNameRange registry:https://registry.npm.taobao.org/gulp-autoprefixer not in flight; fetching
48 verbose get https://registry.npm.taobao.org/gulp-autoprefixer not expired, no request
49 silly addNameRange number 2 { name: 'gulp-autoprefixer', range: '*', hasData: true }
50 silly addNameRange versions [ 'gulp-autoprefixer',
50 silly addNameRange   [ '3.1.0',
50 silly addNameRange     '3.0.2',
50 silly addNameRange     '3.0.1',
50 silly addNameRange     '3.0.0',
50 silly addNameRange     '2.3.1',
50 silly addNameRange     '2.3.0',
50 silly addNameRange     '2.2.0',
50 silly addNameRange     '2.1.0',
50 silly addNameRange     '2.0.0',
50 silly addNameRange     '1.0.1',
50 silly addNameRange     '1.0.0',
50 silly addNameRange     '0.0.10',
50 silly addNameRange     '0.0.9',
50 silly addNameRange     '0.0.8',
50 silly addNameRange     '0.0.7',
50 silly addNameRange     '0.0.6',
50 silly addNameRange     '0.0.5',
50 silly addNameRange     '0.0.4',
50 silly addNameRange     '0.0.3',
50 silly addNameRange     '0.0.2',
50 silly addNameRange     '0.0.1' ] ]
51 silly addNamed gulp-autoprefixer@3.1.0
52 verbose addNamed "3.1.0" is a plain semver version for gulp-autoprefixer
53 silly cache afterAdd gulp-autoprefixer@3.1.0
54 verbose afterAdd /Users/peter/.npm/.cache/cnpm/gulp-autoprefixer/3.1.0/package/package.json not in flight; writing
55 verbose afterAdd /Users/peter/.npm/.cache/cnpm/gulp-autoprefixer/3.1.0/package/package.json written
56 silly fetchNamedPackageData autoprefixer
57 silly mapToRegistry name autoprefixer
58 silly mapToRegistry using default registry
59 silly mapToRegistry registry https://registry.npm.taobao.org/
60 silly mapToRegistry uri https://registry.npm.taobao.org/autoprefixer
61 silly fetchNamedPackageData postcss
62 silly mapToRegistry name postcss
63 silly mapToRegistry using default registry
64 silly mapToRegistry registry https://registry.npm.taobao.org/
65 silly mapToRegistry uri https://registry.npm.taobao.org/postcss
66 verbose request uri https://registry.npm.taobao.org/postcss
67 verbose request no auth needed
68 info attempt registry request try #1 at 15:31:29
69 verbose etag "1c4fa-S5UI3lfnul37GN0VyznveA"
70 http request GET https://registry.npm.taobao.org/postcss
71 verbose get https://registry.npm.taobao.org/autoprefixer not expired, no request
72 silly resolveWithNewModule autoprefixer@6.2.2 checking installable status
73 silly cache add args [ 'autoprefixer@^6.0.0', null ]
74 verbose cache add spec autoprefixer@^6.0.0
75 silly cache add parsed spec Result {
75 silly cache add   raw: 'autoprefixer@^6.0.0',
75 silly cache add   scope: null,
75 silly cache add   name: 'autoprefixer',
75 silly cache add   rawSpec: '^6.0.0',
75 silly cache add   spec: '>=6.0.0 <7.0.0',
75 silly cache add   type: 'range' }
76 silly addNamed autoprefixer@>=6.0.0 <7.0.0
77 verbose addNamed ">=6.0.0 <7.0.0" is a valid semver range for autoprefixer
78 silly addNameRange { name: 'autoprefixer', range: '>=6.0.0 <7.0.0', hasData: false }
79 silly mapToRegistry name autoprefixer
80 silly mapToRegistry using default registry
81 silly mapToRegistry registry https://registry.npm.taobao.org/
82 silly mapToRegistry uri https://registry.npm.taobao.org/autoprefixer
83 verbose addNameRange registry:https://registry.npm.taobao.org/autoprefixer not in flight; fetching
84 verbose get https://registry.npm.taobao.org/autoprefixer not expired, no request
85 silly addNameRange number 2 { name: 'autoprefixer', range: '>=6.0.0 <7.0.0', hasData: true }
86 silly addNameRange versions [ 'autoprefixer',
86 silly addNameRange   [ '6.2.2',
86 silly addNameRange     '6.2.1',
86 silly addNameRange     '6.2.0',
86 silly addNameRange     '6.1.2',
86 silly addNameRange     '6.1.1',
86 silly addNameRange     '6.1.0',
86 silly addNameRange     '6.0.3',
86 silly addNameRange     '6.0.2',
86 silly addNameRange     '6.0.1',
86 silly addNameRange     '6.0.0',
86 silly addNameRange     '5.2.0',
86 silly addNameRange     '5.1.1',
86 silly addNameRange     '5.1.0',
86 silly addNameRange     '5.0.0',
86 silly addNameRange     '4.0.0',
86 silly addNameRange     '3.1.0',
86 silly addNameRange     '3.0.0',
86 silly addNameRange     '2.2.0',
86 silly addNameRange     '2.1.1',
86 silly addNameRange     '2.1.0',
86 silly addNameRange     '2.0.2',
86 silly addNameRange     '2.0.1',
86 silly addNameRange     '2.0.0',
86 silly addNameRange     '1.3.1',
86 silly addNameRange     '1.3.0',
86 silly addNameRange     '1.2.0',
86 silly addNameRange     '1.1.20140605',
86 silly addNameRange     '1.1.20140523',
86 silly addNameRange     '1.1.20140521',
86 silly addNameRange     '1.1.20140512',
86 silly addNameRange     '1.1.20140510',
86 silly addNameRange     '1.1.20140430',
86 silly addNameRange     '1.1.20140429',
86 silly addNameRange     '1.1.20140410',
86 silly addNameRange     '1.1.20140403',
86 silly addNameRange     '1.1.20140327',
86 silly addNameRange     '1.1.20140319',
86 silly addNameRange     '1.1.20140302',
86 silly addNameRange     '1.1.20140226',
86 silly addNameRange     '1.1.20140222',
86 silly addNameRange     '1.1.20140218',
86 silly addNameRange     '1.0.20140213',
86 silly addNameRange     '1.0.20140203',
86 silly addNameRange     '1.0.20140130',
86 silly addNameRange     '1.0.20140117',
86 silly addNameRange     '1.0.20140110',
86 silly addNameRange     '1.0.20140109',
86 silly addNameRange     '1.0.20140103',
86 silly addNameRange     '1.0.20131222',
86 silly addNameRange     '0.8.20131213',
86 silly addNameRange     '0.8.20131209',
86 silly addNameRange     '0.8.20131104',
86 silly addNameRange     '0.8.20131029',
86 silly addNameRange     '0.8.20131020',
86 silly addNameRange     '0.8.20131017',
86 silly addNameRange     '0.8.20131015',
86 silly addNameRange     '0.8.20131009',
86 silly addNameRange     '0.8.20131007',
86 silly addNameRange     '0.8.20131006',
86 silly addNameRange     '0.8.20131001',
86 silly addNameRange     '0.8.20130923',
86 silly addNameRange     '0.8.20130919',
86 silly addNameRange     '0.8.20130911',
86 silly addNameRange     '0.8.20130906',
86 silly addNameRange     '0.8.20130903',
86 silly addNameRange     '0.8.20130902',
86 silly addNameRange     '0.7.20130824',
86 silly addNameRange     '0.7.20130810',
86 silly addNameRange     '0.7.20130808',
86 silly addNameRange     '0.7.20130807',
86 silly addNameRange     '0.7.20130806',
86 silly addNameRange     '0.7.20130805',
86 silly addNameRange     '0.6.20130731',
86 silly addNameRange     '0.6.20130730',
86 silly addNameRange     '0.6.20130729',
86 silly addNameRange     '0.6.20130728',
86 silly addNameRange     '0.6.20130721',
86 silly addNameRange     '0.6.20130716',
86 silly addNameRange     '0.5.20130629',
86 silly addNameRange     '0.5.20130626',
86 silly addNameRange     '0.5.20130625',
86 silly addNameRange     '0.5.20130617',
86 silly addNameRange     '0.5.20130616',
86 silly addNameRange     '0.5.20130615',
86 silly addNameRange     '0.4.20130603',
86 silly addNameRange     '0.4.20130530',
86 silly addNameRange     '0.4.20130528',
86 silly addNameRange     '0.4.20130524',
86 silly addNameRange     '0.4.20130521',
86 silly addNameRange     '0.4.20130515',
86 silly addNameRange     '0.4.20130507',
86 silly addNameRange     '0.3.20130502',
86 silly addNameRange     '0.3.20130427',
86 silly addNameRange     '0.3.20130424',
86 silly addNameRange     '0.3.20130423',
86 silly addNameRange     '0.2.20130413',
86 silly addNameRange     '0.1.20130409' ] ]
87 silly addNamed autoprefixer@6.2.2
88 verbose addNamed "6.2.2" is a plain semver version for autoprefixer
89 silly cache afterAdd autoprefixer@6.2.2
90 verbose afterAdd /Users/peter/.npm/.cache/cnpm/autoprefixer/6.2.2/package/package.json not in flight; writing
91 verbose afterAdd /Users/peter/.npm/.cache/cnpm/autoprefixer/6.2.2/package/package.json written
92 http 304 https://registry.npm.taobao.org/postcss
93 verbose headers { date: 'Sun, 27 Dec 2015 07:31:29 GMT',
93 verbose headers   connection: 'keep-alive',
93 verbose headers   etag: '"1c4fa-S5UI3lfnul37GN0VyznveA"',
93 verbose headers   'x-readtime': '139' }
94 silly get cb [ 304,
94 silly get   { date: 'Sun, 27 Dec 2015 07:31:29 GMT',
94 silly get     connection: 'keep-alive',
94 silly get     etag: '"1c4fa-S5UI3lfnul37GN0VyznveA"',
94 silly get     'x-readtime': '139' } ]
95 verbose etag https://registry.npm.taobao.org/postcss from cache
96 verbose get saving postcss to /Users/peter/.npm/.cache/cnpm/registry.npm.taobao.org/postcss/.cache.json
97 silly resolveWithNewModule postcss@5.0.13 checking installable status
98 silly cache add args [ 'postcss@^5.0.4', null ]
99 verbose cache add spec postcss@^5.0.4
100 silly cache add parsed spec Result {
100 silly cache add   raw: 'postcss@^5.0.4',
100 silly cache add   scope: null,
100 silly cache add   name: 'postcss',
100 silly cache add   rawSpec: '^5.0.4',
100 silly cache add   spec: '>=5.0.4 <6.0.0',
100 silly cache add   type: 'range' }
101 silly addNamed postcss@>=5.0.4 <6.0.0
102 verbose addNamed ">=5.0.4 <6.0.0" is a valid semver range for postcss
103 silly addNameRange { name: 'postcss', range: '>=5.0.4 <6.0.0', hasData: false }
104 silly mapToRegistry name postcss
105 silly mapToRegistry using default registry
106 silly mapToRegistry registry https://registry.npm.taobao.org/
107 silly mapToRegistry uri https://registry.npm.taobao.org/postcss
108 verbose addNameRange registry:https://registry.npm.taobao.org/postcss not in flight; fetching
109 verbose get https://registry.npm.taobao.org/postcss not expired, no request
110 silly addNameRange number 2 { name: 'postcss', range: '>=5.0.4 <6.0.0', hasData: true }
111 silly addNameRange versions [ 'postcss',
111 silly addNameRange   [ '5.0.13',
111 silly addNameRange     '5.0.12',
111 silly addNameRange     '5.0.11',
111 silly addNameRange     '5.0.10',
111 silly addNameRange     '5.0.9',
111 silly addNameRange     '5.0.8',
111 silly addNameRange     '5.0.7',
111 silly addNameRange     '5.0.6',
111 silly addNameRange     '5.0.5',
111 silly addNameRange     '5.0.4',
111 silly addNameRange     '5.0.3',
111 silly addNameRange     '5.0.2',
111 silly addNameRange     '5.0.1',
111 silly addNameRange     '5.0.0',
111 silly addNameRange     '4.1.16',
111 silly addNameRange     '4.1.15',
111 silly addNameRange     '4.1.14',
111 silly addNameRange     '4.1.13',
111 silly addNameRange     '4.1.12',
111 silly addNameRange     '4.1.11',
111 silly addNameRange     '4.1.10',
111 silly addNameRange     '4.1.9',
111 silly addNameRange     '4.1.8',
111 silly addNameRange     '4.1.7',
111 silly addNameRange     '4.1.6',
111 silly addNameRange     '4.1.5',
111 silly addNameRange     '4.1.4',
111 silly addNameRange     '4.1.3',
111 silly addNameRange     '4.1.2',
111 silly addNameRange     '4.1.1',
111 silly addNameRange     '4.1.0',
111 silly addNameRange     '4.0.6',
111 silly addNameRange     '4.0.5',
111 silly addNameRange     '4.0.4',
111 silly addNameRange     '4.0.3',
111 silly addNameRange     '4.0.2',
111 silly addNameRange     '4.0.1',
111 silly addNameRange     '4.0.0',
111 silly addNameRange     '3.0.7',
111 silly addNameRange     '3.0.6',
111 silly addNameRange     '3.0.5',
111 silly addNameRange     '3.0.4',
111 silly addNameRange     '3.0.3',
111 silly addNameRange     '3.0.2',
111 silly addNameRange     '3.0.1',
111 silly addNameRange     '3.0.0',
111 silly addNameRange     '2.2.6',
111 silly addNameRange     '2.2.5',
111 silly addNameRange     '2.2.4',
111 silly addNameRange     '2.2.3',
111 silly addNameRange     '2.2.2',
111 silly addNameRange     '2.2.1',
111 silly addNameRange     '2.2.0',
111 silly addNameRange     '2.1.2',
111 silly addNameRange     '2.1.1',
111 silly addNameRange     '2.1.0',
111 silly addNameRange     '2.0.0',
111 silly addNameRange     '1.0.0',
111 silly addNameRange     '0.3.5',
111 silly addNameRange     '0.3.4',
111 silly addNameRange     '0.3.3',
111 silly addNameRange     '0.3.2',
111 silly addNameRange     '0.3.1',
111 silly addNameRange     '0.3.0',
111 silly addNameRange     '0.2.0',
111 silly addNameRange     '0.1.0' ] ]
112 silly addNamed postcss@5.0.13
113 verbose addNamed "5.0.13" is a plain semver version for postcss
114 silly cache afterAdd postcss@5.0.13
115 verbose afterAdd /Users/peter/.npm/.cache/cnpm/postcss/5.0.13/package/package.json not in flight; writing
116 verbose afterAdd /Users/peter/.npm/.cache/cnpm/postcss/5.0.13/package/package.json written
117 silly fetchNamedPackageData postcss-value-parser
118 silly mapToRegistry name postcss-value-parser
119 silly mapToRegistry using default registry
120 silly mapToRegistry registry https://registry.npm.taobao.org/
121 silly mapToRegistry uri https://registry.npm.taobao.org/postcss-value-parser
122 silly fetchNamedPackageData normalize-range
123 silly mapToRegistry name normalize-range
124 silly mapToRegistry using default registry
125 silly mapToRegistry registry https://registry.npm.taobao.org/
126 silly mapToRegistry uri https://registry.npm.taobao.org/normalize-range
127 silly fetchNamedPackageData num2fraction
128 silly mapToRegistry name num2fraction
129 silly mapToRegistry using default registry
130 silly mapToRegistry registry https://registry.npm.taobao.org/
131 silly mapToRegistry uri https://registry.npm.taobao.org/num2fraction
132 silly fetchNamedPackageData browserslist
133 silly mapToRegistry name browserslist
134 silly mapToRegistry using default registry
135 silly mapToRegistry registry https://registry.npm.taobao.org/
136 silly mapToRegistry uri https://registry.npm.taobao.org/browserslist
137 silly fetchNamedPackageData caniuse-db
138 silly mapToRegistry name caniuse-db
139 silly mapToRegistry using default registry
140 silly mapToRegistry registry https://registry.npm.taobao.org/
141 silly mapToRegistry uri https://registry.npm.taobao.org/caniuse-db
142 verbose request uri https://registry.npm.taobao.org/normalize-range
143 verbose request no auth needed
144 info attempt registry request try #1 at 15:31:29
145 verbose etag "2792-sZwrK6Smjke2qI6RYEaEeA"
146 http request GET https://registry.npm.taobao.org/normalize-range
147 verbose request uri https://registry.npm.taobao.org/num2fraction
148 verbose request no auth needed
149 info attempt registry request try #1 at 15:31:29
150 verbose etag "2947-GDDnxUsmfoUtjpnGf7KZSw"
151 http request GET https://registry.npm.taobao.org/num2fraction
152 verbose request uri https://registry.npm.taobao.org/postcss-value-parser
153 verbose request no auth needed
154 info attempt registry request try #1 at 15:31:29
155 verbose etag "b221-ftPZ6tZhFOMyIHeGV0sXPA"
156 http request GET https://registry.npm.taobao.org/postcss-value-parser
157 verbose request uri https://registry.npm.taobao.org/browserslist
158 verbose request no auth needed
159 info attempt registry request try #1 at 15:31:29
160 verbose etag "53e8-iNj05EYx+mxLq4ypJYZ2tw"
161 http request GET https://registry.npm.taobao.org/browserslist
162 verbose request uri https://registry.npm.taobao.org/caniuse-db
163 verbose request no auth needed
164 info attempt registry request try #1 at 15:31:29
165 verbose etag "7964a-5u5YBU4cvBZjdfdfkRZIqg"
166 http request GET https://registry.npm.taobao.org/caniuse-db
167 http 304 https://registry.npm.taobao.org/num2fraction
168 verbose headers { date: 'Sun, 27 Dec 2015 07:31:29 GMT',
168 verbose headers   connection: 'keep-alive',
168 verbose headers   etag: '"2947-GDDnxUsmfoUtjpnGf7KZSw"',
168 verbose headers   'x-readtime': '17' }
169 silly get cb [ 304,
169 silly get   { date: 'Sun, 27 Dec 2015 07:31:29 GMT',
169 silly get     connection: 'keep-alive',
169 silly get     etag: '"2947-GDDnxUsmfoUtjpnGf7KZSw"',
169 silly get     'x-readtime': '17' } ]
170 verbose etag https://registry.npm.taobao.org/num2fraction from cache
171 verbose get saving num2fraction to /Users/peter/.npm/.cache/cnpm/registry.npm.taobao.org/num2fraction/.cache.json
172 silly resolveWithNewModule num2fraction@1.2.2 checking installable status
173 silly cache add args [ 'num2fraction@^1.2.2', null ]
174 verbose cache add spec num2fraction@^1.2.2
175 silly cache add parsed spec Result {
175 silly cache add   raw: 'num2fraction@^1.2.2',
175 silly cache add   scope: null,
175 silly cache add   name: 'num2fraction',
175 silly cache add   rawSpec: '^1.2.2',
175 silly cache add   spec: '>=1.2.2 <2.0.0',
175 silly cache add   type: 'range' }
176 silly addNamed num2fraction@>=1.2.2 <2.0.0
177 verbose addNamed ">=1.2.2 <2.0.0" is a valid semver range for num2fraction
178 silly addNameRange { name: 'num2fraction', range: '>=1.2.2 <2.0.0', hasData: false }
179 silly mapToRegistry name num2fraction
180 silly mapToRegistry using default registry
181 silly mapToRegistry registry https://registry.npm.taobao.org/
182 silly mapToRegistry uri https://registry.npm.taobao.org/num2fraction
183 verbose addNameRange registry:https://registry.npm.taobao.org/num2fraction not in flight; fetching
184 verbose get https://registry.npm.taobao.org/num2fraction not expired, no request
185 silly addNameRange number 2 { name: 'num2fraction', range: '>=1.2.2 <2.0.0', hasData: true }
186 silly addNameRange versions [ 'num2fraction',
186 silly addNameRange   [ '1.2.2', '1.2.1', '1.2.0', '1.1.0', '1.0.1', '1.0.0' ] ]
187 silly addNamed num2fraction@1.2.2
188 verbose addNamed "1.2.2" is a plain semver version for num2fraction
189 silly cache afterAdd num2fraction@1.2.2
190 verbose afterAdd /Users/peter/.npm/.cache/cnpm/num2fraction/1.2.2/package/package.json not in flight; writing
191 verbose afterAdd /Users/peter/.npm/.cache/cnpm/num2fraction/1.2.2/package/package.json written
192 http 304 https://registry.npm.taobao.org/browserslist
193 verbose headers { date: 'Sun, 27 Dec 2015 07:31:29 GMT',
193 verbose headers   connection: 'keep-alive',
193 verbose headers   etag: '"53e8-iNj05EYx+mxLq4ypJYZ2tw"',
193 verbose headers   'x-readtime': '21' }
194 silly get cb [ 304,
194 silly get   { date: 'Sun, 27 Dec 2015 07:31:29 GMT',
194 silly get     connection: 'keep-alive',
194 silly get     etag: '"53e8-iNj05EYx+mxLq4ypJYZ2tw"',
194 silly get     'x-readtime': '21' } ]
195 verbose etag https://registry.npm.taobao.org/browserslist from cache
196 verbose get saving browserslist to /Users/peter/.npm/.cache/cnpm/registry.npm.taobao.org/browserslist/.cache.json
197 http 304 https://registry.npm.taobao.org/normalize-range
198 verbose headers { date: 'Sun, 27 Dec 2015 07:31:29 GMT',
198 verbose headers   connection: 'keep-alive',
198 verbose headers   etag: '"2792-sZwrK6Smjke2qI6RYEaEeA"',
198 verbose headers   'x-readtime': '25' }
199 silly get cb [ 304,
199 silly get   { date: 'Sun, 27 Dec 2015 07:31:29 GMT',
199 silly get     connection: 'keep-alive',
199 silly get     etag: '"2792-sZwrK6Smjke2qI6RYEaEeA"',
199 silly get     'x-readtime': '25' } ]
200 verbose etag https://registry.npm.taobao.org/normalize-range from cache
201 verbose get saving normalize-range to /Users/peter/.npm/.cache/cnpm/registry.npm.taobao.org/normalize-range/.cache.json
202 silly resolveWithNewModule browserslist@1.0.1 checking installable status
203 silly cache add args [ 'browserslist@~1.0.1', null ]
204 verbose cache add spec browserslist@~1.0.1
205 silly cache add parsed spec Result {
205 silly cache add   raw: 'browserslist@~1.0.1',
205 silly cache add   scope: null,
205 silly cache add   name: 'browserslist',
205 silly cache add   rawSpec: '~1.0.1',
205 silly cache add   spec: '>=1.0.1 <1.1.0',
205 silly cache add   type: 'range' }
206 silly addNamed browserslist@>=1.0.1 <1.1.0
207 verbose addNamed ">=1.0.1 <1.1.0" is a valid semver range for browserslist
208 silly addNameRange { name: 'browserslist', range: '>=1.0.1 <1.1.0', hasData: false }
209 silly mapToRegistry name browserslist
210 silly mapToRegistry using default registry
211 silly mapToRegistry registry https://registry.npm.taobao.org/
212 silly mapToRegistry uri https://registry.npm.taobao.org/browserslist
213 verbose addNameRange registry:https://registry.npm.taobao.org/browserslist not in flight; fetching
214 silly resolveWithNewModule normalize-range@0.1.2 checking installable status
215 silly cache add args [ 'normalize-range@^0.1.2', null ]
216 verbose cache add spec normalize-range@^0.1.2
217 silly cache add parsed spec Result {
217 silly cache add   raw: 'normalize-range@^0.1.2',
217 silly cache add   scope: null,
217 silly cache add   name: 'normalize-range',
217 silly cache add   rawSpec: '^0.1.2',
217 silly cache add   spec: '>=0.1.2 <0.2.0',
217 silly cache add   type: 'range' }
218 silly addNamed normalize-range@>=0.1.2 <0.2.0
219 verbose addNamed ">=0.1.2 <0.2.0" is a valid semver range for normalize-range
220 silly addNameRange { name: 'normalize-range',
220 silly addNameRange   range: '>=0.1.2 <0.2.0',
220 silly addNameRange   hasData: false }
221 silly mapToRegistry name normalize-range
222 silly mapToRegistry using default registry
223 silly mapToRegistry registry https://registry.npm.taobao.org/
224 silly mapToRegistry uri https://registry.npm.taobao.org/normalize-range
225 verbose addNameRange registry:https://registry.npm.taobao.org/normalize-range not in flight; fetching
226 verbose get https://registry.npm.taobao.org/browserslist not expired, no request
227 silly addNameRange number 2 { name: 'browserslist', range: '>=1.0.1 <1.1.0', hasData: true }
228 silly addNameRange versions [ 'browserslist',
228 silly addNameRange   [ '1.0.1',
228 silly addNameRange     '1.0.0',
228 silly addNameRange     '0.5.0',
228 silly addNameRange     '0.4.0',
228 silly addNameRange     '0.3.3',
228 silly addNameRange     '0.3.2',
228 silly addNameRange     '0.3.1',
228 silly addNameRange     '0.3.0',
228 silly addNameRange     '0.2.0',
228 silly addNameRange     '0.1.3',
228 silly addNameRange     '0.1.2',
228 silly addNameRange     '0.1.1',
228 silly addNameRange     '0.1.0' ] ]
229 silly addNamed browserslist@1.0.1
230 verbose addNamed "1.0.1" is a plain semver version for browserslist
231 verbose get https://registry.npm.taobao.org/normalize-range not expired, no request
232 silly addNameRange number 2 { name: 'normalize-range',
232 silly addNameRange   range: '>=0.1.2 <0.2.0',
232 silly addNameRange   hasData: true }
233 silly addNameRange versions [ 'normalize-range', [ '0.1.2', '0.1.1', '0.1.0' ] ]
234 silly addNamed normalize-range@0.1.2
235 verbose addNamed "0.1.2" is a plain semver version for normalize-range
236 silly cache afterAdd browserslist@1.0.1
237 verbose afterAdd /Users/peter/.npm/.cache/cnpm/browserslist/1.0.1/package/package.json not in flight; writing
238 silly cache afterAdd normalize-range@0.1.2
239 verbose afterAdd /Users/peter/.npm/.cache/cnpm/normalize-range/0.1.2/package/package.json not in flight; writing
240 verbose afterAdd /Users/peter/.npm/.cache/cnpm/browserslist/1.0.1/package/package.json written
241 verbose afterAdd /Users/peter/.npm/.cache/cnpm/normalize-range/0.1.2/package/package.json written
242 http 304 https://registry.npm.taobao.org/postcss-value-parser
243 verbose headers { date: 'Sun, 27 Dec 2015 07:31:29 GMT',
243 verbose headers   connection: 'keep-alive',
243 verbose headers   etag: '"b221-ftPZ6tZhFOMyIHeGV0sXPA"',
243 verbose headers   'x-readtime': '38' }
244 silly get cb [ 304,
244 silly get   { date: 'Sun, 27 Dec 2015 07:31:29 GMT',
244 silly get     connection: 'keep-alive',
244 silly get     etag: '"b221-ftPZ6tZhFOMyIHeGV0sXPA"',
244 silly get     'x-readtime': '38' } ]
245 verbose etag https://registry.npm.taobao.org/postcss-value-parser from cache
246 verbose get saving postcss-value-parser to /Users/peter/.npm/.cache/cnpm/registry.npm.taobao.org/postcss-value-parser/.cache.json
247 silly resolveWithNewModule postcss-value-parser@3.2.3 checking installable status
248 silly cache add args [ 'postcss-value-parser@^3.2.3', null ]
249 verbose cache add spec postcss-value-parser@^3.2.3
250 silly cache add parsed spec Result {
250 silly cache add   raw: 'postcss-value-parser@^3.2.3',
250 silly cache add   scope: null,
250 silly cache add   name: 'postcss-value-parser',
250 silly cache add   rawSpec: '^3.2.3',
250 silly cache add   spec: '>=3.2.3 <4.0.0',
250 silly cache add   type: 'range' }
251 silly addNamed postcss-value-parser@>=3.2.3 <4.0.0
252 verbose addNamed ">=3.2.3 <4.0.0" is a valid semver range for postcss-value-parser
253 silly addNameRange { name: 'postcss-value-parser',
253 silly addNameRange   range: '>=3.2.3 <4.0.0',
253 silly addNameRange   hasData: false }
254 silly mapToRegistry name postcss-value-parser
255 silly mapToRegistry using default registry
256 silly mapToRegistry registry https://registry.npm.taobao.org/
257 silly mapToRegistry uri https://registry.npm.taobao.org/postcss-value-parser
258 verbose addNameRange registry:https://registry.npm.taobao.org/postcss-value-parser not in flight; fetching
259 verbose get https://registry.npm.taobao.org/postcss-value-parser not expired, no request
260 silly addNameRange number 2 { name: 'postcss-value-parser',
260 silly addNameRange   range: '>=3.2.3 <4.0.0',
260 silly addNameRange   hasData: true }
261 silly addNameRange versions [ 'postcss-value-parser',
261 silly addNameRange   [ '3.2.3',
261 silly addNameRange     '3.2.1',
261 silly addNameRange     '3.2.0',
261 silly addNameRange     '3.1.3',
261 silly addNameRange     '3.1.2',
261 silly addNameRange     '3.1.1',
261 silly addNameRange     '3.1.0',
261 silly addNameRange     '3.0.3',
261 silly addNameRange     '3.0.2',
261 silly addNameRange     '3.0.1',
261 silly addNameRange     '3.0.0',
261 silly addNameRange     '2.0.5',
261 silly addNameRange     '2.0.4',
261 silly addNameRange     '2.0.3',
261 silly addNameRange     '2.0.2',
261 silly addNameRange     '2.0.1',
261 silly addNameRange     '2.0.0',
261 silly addNameRange     '1.4.2',
261 silly addNameRange     '1.4.1',
261 silly addNameRange     '1.4.0',
261 silly addNameRange     '1.3.0',
261 silly addNameRange     '1.2.2',
261 silly addNameRange     '1.2.1',
261 silly addNameRange     '1.2.0',
261 silly addNameRange     '1.1.0',
261 silly addNameRange     '1.0.2',
261 silly addNameRange     '1.0.1',
261 silly addNameRange     '1.0.0' ] ]
262 silly addNamed postcss-value-parser@3.2.3
263 verbose addNamed "3.2.3" is a plain semver version for postcss-value-parser
264 silly cache afterAdd postcss-value-parser@3.2.3
265 verbose afterAdd /Users/peter/.npm/.cache/cnpm/postcss-value-parser/3.2.3/package/package.json not in flight; writing
266 verbose afterAdd /Users/peter/.npm/.cache/cnpm/postcss-value-parser/3.2.3/package/package.json written
267 http 304 https://registry.npm.taobao.org/caniuse-db
268 verbose headers { date: 'Sun, 27 Dec 2015 07:31:29 GMT',
268 verbose headers   connection: 'keep-alive',
268 verbose headers   etag: '"7964a-5u5YBU4cvBZjdfdfkRZIqg"',
268 verbose headers   'x-readtime': '105' }
269 silly get cb [ 304,
269 silly get   { date: 'Sun, 27 Dec 2015 07:31:29 GMT',
269 silly get     connection: 'keep-alive',
269 silly get     etag: '"7964a-5u5YBU4cvBZjdfdfkRZIqg"',
269 silly get     'x-readtime': '105' } ]
270 verbose etag https://registry.npm.taobao.org/caniuse-db from cache
271 verbose get saving caniuse-db to /Users/peter/.npm/.cache/cnpm/registry.npm.taobao.org/caniuse-db/.cache.json
272 silly fetchPackageMetaData Error: No compatible version found: caniuse-db@^1.0.30000382
272 silly fetchPackageMetaData Valid install targets:
272 silly fetchPackageMetaData 1.0.30000381, 1.0.30000380, 1.0.30000379, 1.0.30000378, 1.0.30000377, 1.0.30000376, 1.0.30000375, 1.0.30000374, 1.0.30000373, 1.0.30000372, 1.0.30000371, 1.0.30000370, 1.0.30000369, 1.0.30000368, 1.0.30000367, 1.0.30000366, 1.0.30000365, 1.0.30000364, 1.0.30000363, 1.0.30000362, 1.0.30000361, 1.0.30000360, 1.0.30000359, 1.0.30000358, 1.0.30000357, 1.0.30000356, 1.0.30000355, 1.0.30000354, 1.0.30000353, 1.0.30000352, 1.0.30000351, 1.0.30000350, 1.0.30000349, 1.0.30000348, 1.0.30000347, 1.0.30000346, 1.0.30000345, 1.0.30000344, 1.0.30000343, 1.0.30000342, 1.0.30000341, 1.0.30000340, 1.0.30000339, 1.0.30000338, 1.0.30000337, 1.0.30000336, 1.0.30000335, 1.0.30000334, 1.0.30000333, 1.0.30000332, 1.0.30000331, 1.0.30000330, 1.0.30000329, 1.0.30000328, 1.0.30000327, 1.0.30000326, 1.0.30000325, 1.0.30000324, 1.0.30000323, 1.0.30000322, 1.0.30000321, 1.0.30000320, 1.0.30000319, 1.0.30000318, 1.0.30000317, 1.0.30000316, 1.0.30000315, 1.0.30000314, 1.0.30000313, 1.0.30000312, 1.0.30000311, 1.0.30000310, 1.0.30000309, 1.0.30000308, 1.0.30000307, 1.0.30000306, 1.0.30000305, 1.0.30000304, 1.0.30000303, 1.0.30000302, 1.0.30000301, 1.0.30000300, 1.0.30000299, 1.0.30000298, 1.0.30000297, 1.0.30000296, 1.0.30000295, 1.0.30000294, 1.0.30000293, 1.0.30000292, 1.0.30000291, 1.0.30000290, 1.0.30000289, 1.0.30000288, 1.0.30000287, 1.0.30000286, 1.0.30000285, 1.0.30000284, 1.0.30000283, 1.0.30000282, 1.0.30000281, 1.0.30000280, 1.0.30000279, 1.0.30000278, 1.0.30000277, 1.0.30000276, 1.0.30000275, 1.0.30000274, 1.0.30000273, 1.0.30000272, 1.0.30000271, 1.0.30000270, 1.0.30000269, 1.0.30000268, 1.0.30000267, 1.0.30000266, 1.0.30000265, 1.0.30000264, 1.0.30000263, 1.0.30000262, 1.0.30000261, 1.0.30000260, 1.0.30000259, 1.0.30000258, 1.0.30000257, 1.0.30000256, 1.0.30000255, 1.0.30000254, 1.0.30000253, 1.0.30000252, 1.0.30000251, 1.0.30000250, 1.0.30000249, 1.0.30000248, 1.0.30000247, 1.0.30000246, 1.0.30000245, 1.0.30000244, 1.0.30000243, 1.0.30000242, 1.0.30000241, 1.0.30000240, 1.0.30000239, 1.0.30000238, 1.0.30000237, 1.0.30000236, 1.0.30000235, 1.0.30000234, 1.0.30000233, 1.0.30000232, 1.0.30000231, 1.0.30000230, 1.0.30000229, 1.0.30000228, 1.0.30000227, 1.0.30000226, 1.0.30000225, 1.0.30000224, 1.0.30000223, 1.0.30000222, 1.0.30000221, 1.0.30000219, 1.0.30000218, 1.0.30000217, 1.0.30000216, 1.0.30000215, 1.0.30000214, 1.0.30000213, 1.0.30000212, 1.0.30000211, 1.0.30000210, 1.0.30000209, 1.0.30000208, 1.0.30000207, 1.0.30000206, 1.0.30000205, 1.0.30000204, 1.0.30000203, 1.0.30000202, 1.0.30000201, 1.0.30000200, 1.0.30000199, 1.0.30000198, 1.0.30000197, 1.0.30000196, 1.0.30000195, 1.0.30000194, 1.0.30000193, 1.0.30000192, 1.0.30000191, 1.0.30000190, 1.0.30000189, 1.0.30000188, 1.0.30000187, 1.0.30000186, 1.0.30000185, 1.0.30000184, 1.0.30000183, 1.0.30000182, 1.0.30000181, 1.0.30000180, 1.0.30000179, 1.0.30000178, 1.0.30000177, 1.0.30000176, 1.0.30000175, 1.0.30000174, 1.0.30000173, 1.0.30000172, 1.0.30000171, 1.0.30000170, 1.0.30000169, 1.0.30000168, 1.0.30000167, 1.0.30000166, 1.0.30000165, 1.0.30000164, 1.0.30000163, 1.0.30000162, 1.0.30000161, 1.0.30000160, 1.0.30000159, 1.0.30000158, 1.0.30000157, 1.0.30000156, 1.0.30000155, 1.0.30000154, 1.0.30000153, 1.0.30000152, 1.0.30000151, 1.0.30000150, 1.0.30000149, 1.0.30000148, 1.0.30000147, 1.0.30000146, 1.0.30000145, 1.0.30000144, 1.0.30000143, 1.0.30000142, 1.0.30000141, 1.0.30000140, 1.0.30000139, 1.0.30000138, 1.0.30000137, 1.0.30000136, 1.0.30000135, 1.0.30000134, 1.0.30000133, 1.0.30000132, 1.0.30000131, 1.0.30000130, 1.0.30000129, 1.0.30000128, 1.0.30000127, 1.0.30000126, 1.0.30000125, 1.0.30000124, 1.0.30000123, 1.0.30000121, 1.0.30000120, 1.0.30000119, 1.0.30000118, 1.0.30000117, 1.0.30000116, 1.0.30000115, 1.0.30000114, 1.0.30000113, 1.0.30000112, 1.0.30000111, 1.0.30000110, 1.0.30000109, 1.0.30000108, 1.0.30000107, 1.0.30000106, 1.0.30000105, 1.0.30000104, 1.0.30000103, 1.0.30000102, 1.0.30000101, 1.0.30000100, 1.0.30000099, 1.0.30000098, 1.0.30000097, 1.0.30000096, 1.0.30000095, 1.0.30000094, 1.0.30000093, 1.0.30000092, 1.0.30000091, 1.0.30000090, 1.0.30000089, 1.0.30000088, 1.0.30000087, 1.0.30000086, 1.0.30000085, 1.0.30000084, 1.0.30000083, 1.0.30000082, 1.0.30000081, 1.0.30000080, 1.0.30000079, 1.0.30000078, 1.0.30000077, 1.0.30000076, 1.0.30000075, 1.0.30000074, 1.0.30000073, 1.0.30000072, 1.0.30000071, 1.0.30000070, 1.0.30000069, 1.0.30000068, 1.0.30000067, 1.0.30000066, 1.0.30000065, 1.0.30000064, 1.0.30000063, 1.0.30000062, 1.0.30000061, 1.0.30000060, 1.0.30000059, 1.0.30000058, 1.0.30000057, 1.0.30000056, 1.0.30000055, 1.0.30000054, 1.0.30000053, 1.0.30000052, 1.0.30000051, 1.0.30000050, 1.0.30000049, 1.0.30000048, 1.0.30000047, 1.0.30000046, 1.0.30000045, 1.0.30000044, 1.0.30000043, 1.0.30000042, 1.0.30000041, 1.0.30000040, 1.0.30000039, 1.0.30000038, 1.0.30000037, 1.0.30000036, 1.0.30000035, 1.0.30000034, 1.0.30000033, 1.0.30000032, 1.0.30000031, 1.0.30000030, 1.0.30000029, 1.0.30000028, 1.0.30000027, 1.0.30000026, 1.0.30000025, 1.0.30000024, 1.0.30000023, 1.0.30000022, 1.0.30000021, 1.0.30000020, 1.0.30000019, 1.0.30000018, 1.0.30000017, 1.0.30000016, 1.0.30000015, 1.0.30000014, 1.0.30000013, 1.0.30000012, 1.0.30000011, 1.0.30000010, 1.0.30000009, 1.0.30000008, 1.0.30000007, 1.0.30000006, 1.0.30000005, 1.0.30000004, 1.0.30000003, 1.0.30000002, 1.0.30000001, 1.0.20141008, 1.0.20141007, 1.0.20141006, 1.0.20141001, 1.0.20140929, 1.0.20140928, 1.0.20140924, 1.0.20140922, 1.0.20140918, 1.0.20140916, 1.0.20140915, 1.0.20140911, 1.0.20140910, 1.0.20140909, 1.0.20140908, 1.0.20140906, 1.0.20140903, 1.0.20140902, 1.0.20140827, 1.0.20140826, 1.0.20140821, 1.0.20140820, 1.0.20140816, 1.0.20140815, 1.0.20140814, 1.0.20140812, 1.0.20140811, 1.0.20140810, 1.0.20140804, 1.0.20140801, 1.0.20140731, 1.0.20140730, 1.0.20140729, 1.0.20140728, 1.0.20140727, 1.0.20140726, 1.0.20140724, 1.0.20140722, 1.0.20140721, 1.0.20140717, 1.0.20140716, 1.0.20140715, 1.0.20140710, 1.0.20140702, 1.0.20140628, 1.0.20140626, 1.0.20140623, 1.0.20140622, 1.0.20140619, 1.0.20140618, 1.0.20140617, 1.0.20140616, 1.0.20140611, 1.0.20140610, 1.0.20140609, 1.0.20140608, 1.0.20140606, 1.0.20140603, 1.0.20140602, 1.0.20140601, 1.0.20140529, 1.0.20140526, 1.0.20140523, 1.0.20140521, 1.0.20140520, 1.0.20140519, 1.0.20140516, 1.0.20140511, 1.0.20140507, 1.0.20140506, 1.0.20140505, 1.0.20140504, 1.0.20140502, 1.0.20140429, 1.0.20140428, 1.0.20140422, 1.0.20140416, 1.0.20140412, 1.0.20140409, 1.0.20140403, 1.0.20140401, 1.0.20140331, 1.0.20140330, 1.0.20140326, 1.0.20140325, 1.0.20140319, 1.0.20140318, 1.0.20140316, 1.0.20140313, 1.0.20140311, 1.0.20140306, 1.0.20140304, 1.0.20140303, 1.0.20140302, 1.0.20140301, 1.0.20140226, 1.0.20140225, 1.0.20140224
272 silly fetchPackageMetaData
272 silly fetchPackageMetaData     at pickVersionFromRegistryDocument (/Users/peter/.nvm/versions/node/v5.1.1/lib/node_modules/npm/lib/fetch-package-metadata.js:156:16)
272 silly fetchPackageMetaData     at /Users/peter/.nvm/versions/node/v5.1.1/lib/node_modules/npm/node_modules/iferr/index.js:13:50
272 silly fetchPackageMetaData     at /Users/peter/.nvm/versions/node/v5.1.1/lib/node_modules/npm/lib/utils/pulse-till-done.js:19:8
272 silly fetchPackageMetaData     at saved (/Users/peter/.nvm/versions/node/v5.1.1/lib/node_modules/npm/lib/cache/caching-client.js:168:7)
272 silly fetchPackageMetaData     at /Users/peter/.nvm/versions/node/v5.1.1/lib/node_modules/npm/node_modules/graceful-fs/polyfills.js:210:7
272 silly fetchPackageMetaData     at FSReqWrap.oncomplete (fs.js:82:15)
272 silly fetchPackageMetaData  error for caniuse-db@^1.0.30000382 [Error: No compatible version found: caniuse-db@^1.0.30000382
272 silly fetchPackageMetaData Valid install targets:
272 silly fetchPackageMetaData 1.0.30000381, 1.0.30000380, 1.0.30000379, 1.0.30000378, 1.0.30000377, 1.0.30000376, 1.0.30000375, 1.0.30000374, 1.0.30000373, 1.0.30000372, 1.0.30000371, 1.0.30000370, 1.0.30000369, 1.0.30000368, 1.0.30000367, 1.0.30000366, 1.0.30000365, 1.0.30000364, 1.0.30000363, 1.0.30000362, 1.0.30000361, 1.0.30000360, 1.0.30000359, 1.0.30000358, 1.0.30000357, 1.0.30000356, 1.0.30000355, 1.0.30000354, 1.0.30000353, 1.0.30000352, 1.0.30000351, 1.0.30000350, 1.0.30000349, 1.0.30000348, 1.0.30000347, 1.0.30000346, 1.0.30000345, 1.0.30000344, 1.0.30000343, 1.0.30000342, 1.0.30000341, 1.0.30000340, 1.0.30000339, 1.0.30000338, 1.0.30000337, 1.0.30000336, 1.0.30000335, 1.0.30000334, 1.0.30000333, 1.0.30000332, 1.0.30000331, 1.0.30000330, 1.0.30000329, 1.0.30000328, 1.0.30000327, 1.0.30000326, 1.0.30000325, 1.0.30000324, 1.0.30000323, 1.0.30000322, 1.0.30000321, 1.0.30000320, 1.0.30000319, 1.0.30000318, 1.0.30000317, 1.0.30000316, 1.0.30000315, 1.0.30000314, 1.0.30000313, 1.0.30000312, 1.0.30000311, 1.0.30000310, 1.0.30000309, 1.0.30000308, 1.0.30000307, 1.0.30000306, 1.0.30000305, 1.0.30000304, 1.0.30000303, 1.0.30000302, 1.0.30000301, 1.0.30000300, 1.0.30000299, 1.0.30000298, 1.0.30000297, 1.0.30000296, 1.0.30000295, 1.0.30000294, 1.0.30000293, 1.0.30000292, 1.0.30000291, 1.0.30000290, 1.0.30000289, 1.0.30000288, 1.0.30000287, 1.0.30000286, 1.0.30000285, 1.0.30000284, 1.0.30000283, 1.0.30000282, 1.0.30000281, 1.0.30000280, 1.0.30000279, 1.0.30000278, 1.0.30000277, 1.0.30000276, 1.0.30000275, 1.0.30000274, 1.0.30000273, 1.0.30000272, 1.0.30000271, 1.0.30000270, 1.0.30000269, 1.0.30000268, 1.0.30000267, 1.0.30000266, 1.0.30000265, 1.0.30000264, 1.0.30000263, 1.0.30000262, 1.0.30000261, 1.0.30000260, 1.0.30000259, 1.0.30000258, 1.0.30000257, 1.0.30000256, 1.0.30000255, 1.0.30000254, 1.0.30000253, 1.0.30000252, 1.0.30000251, 1.0.30000250, 1.0.30000249, 1.0.30000248, 1.0.30000247, 1.0.30000246, 1.0.30000245, 1.0.30000244, 1.0.30000243, 1.0.30000242, 1.0.30000241, 1.0.30000240, 1.0.30000239, 1.0.30000238, 1.0.30000237, 1.0.30000236, 1.0.30000235, 1.0.30000234, 1.0.30000233, 1.0.30000232, 1.0.30000231, 1.0.30000230, 1.0.30000229, 1.0.30000228, 1.0.30000227, 1.0.30000226, 1.0.30000225, 1.0.30000224, 1.0.30000223, 1.0.30000222, 1.0.30000221, 1.0.30000219, 1.0.30000218, 1.0.30000217, 1.0.30000216, 1.0.30000215, 1.0.30000214, 1.0.30000213, 1.0.30000212, 1.0.30000211, 1.0.30000210, 1.0.30000209, 1.0.30000208, 1.0.30000207, 1.0.30000206, 1.0.30000205, 1.0.30000204, 1.0.30000203, 1.0.30000202, 1.0.30000201, 1.0.30000200, 1.0.30000199, 1.0.30000198, 1.0.30000197, 1.0.30000196, 1.0.30000195, 1.0.30000194, 1.0.30000193, 1.0.30000192, 1.0.30000191, 1.0.30000190, 1.0.30000189, 1.0.30000188, 1.0.30000187, 1.0.30000186, 1.0.30000185, 1.0.30000184, 1.0.30000183, 1.0.30000182, 1.0.30000181, 1.0.30000180, 1.0.30000179, 1.0.30000178, 1.0.30000177, 1.0.30000176, 1.0.30000175, 1.0.30000174, 1.0.30000173, 1.0.30000172, 1.0.30000171, 1.0.30000170, 1.0.30000169, 1.0.30000168, 1.0.30000167, 1.0.30000166, 1.0.30000165, 1.0.30000164, 1.0.30000163, 1.0.30000162, 1.0.30000161, 1.0.30000160, 1.0.30000159, 1.0.30000158, 1.0.30000157, 1.0.30000156, 1.0.30000155, 1.0.30000154, 1.0.30000153, 1.0.30000152, 1.0.30000151, 1.0.30000150, 1.0.30000149, 1.0.30000148, 1.0.30000147, 1.0.30000146, 1.0.30000145, 1.0.30000144, 1.0.30000143, 1.0.30000142, 1.0.30000141, 1.0.30000140, 1.0.30000139, 1.0.30000138, 1.0.30000137, 1.0.30000136, 1.0.30000135, 1.0.30000134, 1.0.30000133, 1.0.30000132, 1.0.30000131, 1.0.30000130, 1.0.30000129, 1.0.30000128, 1.0.30000127, 1.0.30000126, 1.0.30000125, 1.0.30000124, 1.0.30000123, 1.0.30000121, 1.0.30000120, 1.0.30000119, 1.0.30000118, 1.0.30000117, 1.0.30000116, 1.0.30000115, 1.0.30000114, 1.0.30000113, 1.0.30000112, 1.0.30000111, 1.0.30000110, 1.0.30000109, 1.0.30000108, 1.0.30000107, 1.0.30000106, 1.0.30000105, 1.0.30000104, 1.0.30000103, 1.0.30000102, 1.0.30000101, 1.0.30000100, 1.0.30000099, 1.0.30000098, 1.0.30000097, 1.0.30000096, 1.0.30000095, 1.0.30000094, 1.0.30000093, 1.0.30000092, 1.0.30000091, 1.0.30000090, 1.0.30000089, 1.0.30000088, 1.0.30000087, 1.0.30000086, 1.0.30000085, 1.0.30000084, 1.0.30000083, 1.0.30000082, 1.0.30000081, 1.0.30000080, 1.0.30000079, 1.0.30000078, 1.0.30000077, 1.0.30000076, 1.0.30000075, 1.0.30000074, 1.0.30000073, 1.0.30000072, 1.0.30000071, 1.0.30000070, 1.0.30000069, 1.0.30000068, 1.0.30000067, 1.0.30000066, 1.0.30000065, 1.0.30000064, 1.0.30000063, 1.0.30000062, 1.0.30000061, 1.0.30000060, 1.0.30000059, 1.0.30000058, 1.0.30000057, 1.0.30000056, 1.0.30000055, 1.0.30000054, 1.0.30000053, 1.0.30000052, 1.0.30000051, 1.0.30000050, 1.0.30000049, 1.0.30000048, 1.0.30000047, 1.0.30000046, 1.0.30000045, 1.0.30000044, 1.0.30000043, 1.0.30000042, 1.0.30000041, 1.0.30000040, 1.0.30000039, 1.0.30000038, 1.0.30000037, 1.0.30000036, 1.0.30000035, 1.0.30000034, 1.0.30000033, 1.0.30000032, 1.0.30000031, 1.0.30000030, 1.0.30000029, 1.0.30000028, 1.0.30000027, 1.0.30000026, 1.0.30000025, 1.0.30000024, 1.0.30000023, 1.0.30000022, 1.0.30000021, 1.0.30000020, 1.0.30000019, 1.0.30000018, 1.0.30000017, 1.0.30000016, 1.0.30000015, 1.0.30000014, 1.0.30000013, 1.0.30000012, 1.0.30000011, 1.0.30000010, 1.0.30000009, 1.0.30000008, 1.0.30000007, 1.0.30000006, 1.0.30000005, 1.0.30000004, 1.0.30000003, 1.0.30000002, 1.0.30000001, 1.0.20141008, 1.0.20141007, 1.0.20141006, 1.0.20141001, 1.0.20140929, 1.0.20140928, 1.0.20140924, 1.0.20140922, 1.0.20140918, 1.0.20140916, 1.0.20140915, 1.0.20140911, 1.0.20140910, 1.0.20140909, 1.0.20140908, 1.0.20140906, 1.0.20140903, 1.0.20140902, 1.0.20140827, 1.0.20140826, 1.0.20140821, 1.0.20140820, 1.0.20140816, 1.0.20140815, 1.0.20140814, 1.0.20140812, 1.0.20140811, 1.0.20140810, 1.0.20140804, 1.0.20140801, 1.0.20140731, 1.0.20140730, 1.0.20140729, 1.0.20140728, 1.0.20140727, 1.0.20140726, 1.0.20140724, 1.0.20140722, 1.0.20140721, 1.0.20140717, 1.0.20140716, 1.0.20140715, 1.0.20140710, 1.0.20140702, 1.0.20140628, 1.0.20140626, 1.0.20140623, 1.0.20140622, 1.0.20140619, 1.0.20140618, 1.0.20140617, 1.0.20140616, 1.0.20140611, 1.0.20140610, 1.0.20140609, 1.0.20140608, 1.0.20140606, 1.0.20140603, 1.0.20140602, 1.0.20140601, 1.0.20140529, 1.0.20140526, 1.0.20140523, 1.0.20140521, 1.0.20140520, 1.0.20140519, 1.0.20140516, 1.0.20140511, 1.0.20140507, 1.0.20140506, 1.0.20140505, 1.0.20140504, 1.0.20140502, 1.0.20140429, 1.0.20140428, 1.0.20140422, 1.0.20140416, 1.0.20140412, 1.0.20140409, 1.0.20140403, 1.0.20140401, 1.0.20140331, 1.0.20140330, 1.0.20140326, 1.0.20140325, 1.0.20140319, 1.0.20140318, 1.0.20140316, 1.0.20140313, 1.0.20140311, 1.0.20140306, 1.0.20140304, 1.0.20140303, 1.0.20140302, 1.0.20140301, 1.0.20140226, 1.0.20140225, 1.0.20140224
272 silly fetchPackageMetaData ]
273 silly rollbackFailedOptional Starting
274 silly rollbackFailedOptional Finishing
275 silly runTopLevelLifecycles Starting
276 silly runTopLevelLifecycles Finishing
277 silly install printInstalled
278 verbose stack Error: No compatible version found: caniuse-db@^1.0.30000382
278 verbose stack Valid install targets:
278 verbose stack 1.0.30000381, 1.0.30000380, 1.0.30000379, 1.0.30000378, 1.0.30000377, 1.0.30000376, 1.0.30000375, 1.0.30000374, 1.0.30000373, 1.0.30000372, 1.0.30000371, 1.0.30000370, 1.0.30000369, 1.0.30000368, 1.0.30000367, 1.0.30000366, 1.0.30000365, 1.0.30000364, 1.0.30000363, 1.0.30000362, 1.0.30000361, 1.0.30000360, 1.0.30000359, 1.0.30000358, 1.0.30000357, 1.0.30000356, 1.0.30000355, 1.0.30000354, 1.0.30000353, 1.0.30000352, 1.0.30000351, 1.0.30000350, 1.0.30000349, 1.0.30000348, 1.0.30000347, 1.0.30000346, 1.0.30000345, 1.0.30000344, 1.0.30000343, 1.0.30000342, 1.0.30000341, 1.0.30000340, 1.0.30000339, 1.0.30000338, 1.0.30000337, 1.0.30000336, 1.0.30000335, 1.0.30000334, 1.0.30000333, 1.0.30000332, 1.0.30000331, 1.0.30000330, 1.0.30000329, 1.0.30000328, 1.0.30000327, 1.0.30000326, 1.0.30000325, 1.0.30000324, 1.0.30000323, 1.0.30000322, 1.0.30000321, 1.0.30000320, 1.0.30000319, 1.0.30000318, 1.0.30000317, 1.0.30000316, 1.0.30000315, 1.0.30000314, 1.0.30000313, 1.0.30000312, 1.0.30000311, 1.0.30000310, 1.0.30000309, 1.0.30000308, 1.0.30000307, 1.0.30000306, 1.0.30000305, 1.0.30000304, 1.0.30000303, 1.0.30000302, 1.0.30000301, 1.0.30000300, 1.0.30000299, 1.0.30000298, 1.0.30000297, 1.0.30000296, 1.0.30000295, 1.0.30000294, 1.0.30000293, 1.0.30000292, 1.0.30000291, 1.0.30000290, 1.0.30000289, 1.0.30000288, 1.0.30000287, 1.0.30000286, 1.0.30000285, 1.0.30000284, 1.0.30000283, 1.0.30000282, 1.0.30000281, 1.0.30000280, 1.0.30000279, 1.0.30000278, 1.0.30000277, 1.0.30000276, 1.0.30000275, 1.0.30000274, 1.0.30000273, 1.0.30000272, 1.0.30000271, 1.0.30000270, 1.0.30000269, 1.0.30000268, 1.0.30000267, 1.0.30000266, 1.0.30000265, 1.0.30000264, 1.0.30000263, 1.0.30000262, 1.0.30000261, 1.0.30000260, 1.0.30000259, 1.0.30000258, 1.0.30000257, 1.0.30000256, 1.0.30000255, 1.0.30000254, 1.0.30000253, 1.0.30000252, 1.0.30000251, 1.0.30000250, 1.0.30000249, 1.0.30000248, 1.0.30000247, 1.0.30000246, 1.0.30000245, 1.0.30000244, 1.0.30000243, 1.0.30000242, 1.0.30000241, 1.0.30000240, 1.0.30000239, 1.0.30000238, 1.0.30000237, 1.0.30000236, 1.0.30000235, 1.0.30000234, 1.0.30000233, 1.0.30000232, 1.0.30000231, 1.0.30000230, 1.0.30000229, 1.0.30000228, 1.0.30000227, 1.0.30000226, 1.0.30000225, 1.0.30000224, 1.0.30000223, 1.0.30000222, 1.0.30000221, 1.0.30000219, 1.0.30000218, 1.0.30000217, 1.0.30000216, 1.0.30000215, 1.0.30000214, 1.0.30000213, 1.0.30000212, 1.0.30000211, 1.0.30000210, 1.0.30000209, 1.0.30000208, 1.0.30000207, 1.0.30000206, 1.0.30000205, 1.0.30000204, 1.0.30000203, 1.0.30000202, 1.0.30000201, 1.0.30000200, 1.0.30000199, 1.0.30000198, 1.0.30000197, 1.0.30000196, 1.0.30000195, 1.0.30000194, 1.0.30000193, 1.0.30000192, 1.0.30000191, 1.0.30000190, 1.0.30000189, 1.0.30000188, 1.0.30000187, 1.0.30000186, 1.0.30000185, 1.0.30000184, 1.0.30000183, 1.0.30000182, 1.0.30000181, 1.0.30000180, 1.0.30000179, 1.0.30000178, 1.0.30000177, 1.0.30000176, 1.0.30000175, 1.0.30000174, 1.0.30000173, 1.0.30000172, 1.0.30000171, 1.0.30000170, 1.0.30000169, 1.0.30000168, 1.0.30000167, 1.0.30000166, 1.0.30000165, 1.0.30000164, 1.0.30000163, 1.0.30000162, 1.0.30000161, 1.0.30000160, 1.0.30000159, 1.0.30000158, 1.0.30000157, 1.0.30000156, 1.0.30000155, 1.0.30000154, 1.0.30000153, 1.0.30000152, 1.0.30000151, 1.0.30000150, 1.0.30000149, 1.0.30000148, 1.0.30000147, 1.0.30000146, 1.0.30000145, 1.0.30000144, 1.0.30000143, 1.0.30000142, 1.0.30000141, 1.0.30000140, 1.0.30000139, 1.0.30000138, 1.0.30000137, 1.0.30000136, 1.0.30000135, 1.0.30000134, 1.0.30000133, 1.0.30000132, 1.0.30000131, 1.0.30000130, 1.0.30000129, 1.0.30000128, 1.0.30000127, 1.0.30000126, 1.0.30000125, 1.0.30000124, 1.0.30000123, 1.0.30000121, 1.0.30000120, 1.0.30000119, 1.0.30000118, 1.0.30000117, 1.0.30000116, 1.0.30000115, 1.0.30000114, 1.0.30000113, 1.0.30000112, 1.0.30000111, 1.0.30000110, 1.0.30000109, 1.0.30000108, 1.0.30000107, 1.0.30000106, 1.0.30000105, 1.0.30000104, 1.0.30000103, 1.0.30000102, 1.0.30000101, 1.0.30000100, 1.0.30000099, 1.0.30000098, 1.0.30000097, 1.0.30000096, 1.0.30000095, 1.0.30000094, 1.0.30000093, 1.0.30000092, 1.0.30000091, 1.0.30000090, 1.0.30000089, 1.0.30000088, 1.0.30000087, 1.0.30000086, 1.0.30000085, 1.0.30000084, 1.0.30000083, 1.0.30000082, 1.0.30000081, 1.0.30000080, 1.0.30000079, 1.0.30000078, 1.0.30000077, 1.0.30000076, 1.0.30000075, 1.0.30000074, 1.0.30000073, 1.0.30000072, 1.0.30000071, 1.0.30000070, 1.0.30000069, 1.0.30000068, 1.0.30000067, 1.0.30000066, 1.0.30000065, 1.0.30000064, 1.0.30000063, 1.0.30000062, 1.0.30000061, 1.0.30000060, 1.0.30000059, 1.0.30000058, 1.0.30000057, 1.0.30000056, 1.0.30000055, 1.0.30000054, 1.0.30000053, 1.0.30000052, 1.0.30000051, 1.0.30000050, 1.0.30000049, 1.0.30000048, 1.0.30000047, 1.0.30000046, 1.0.30000045, 1.0.30000044, 1.0.30000043, 1.0.30000042, 1.0.30000041, 1.0.30000040, 1.0.30000039, 1.0.30000038, 1.0.30000037, 1.0.30000036, 1.0.30000035, 1.0.30000034, 1.0.30000033, 1.0.30000032, 1.0.30000031, 1.0.30000030, 1.0.30000029, 1.0.30000028, 1.0.30000027, 1.0.30000026, 1.0.30000025, 1.0.30000024, 1.0.30000023, 1.0.30000022, 1.0.30000021, 1.0.30000020, 1.0.30000019, 1.0.30000018, 1.0.30000017, 1.0.30000016, 1.0.30000015, 1.0.30000014, 1.0.30000013, 1.0.30000012, 1.0.30000011, 1.0.30000010, 1.0.30000009, 1.0.30000008, 1.0.30000007, 1.0.30000006, 1.0.30000005, 1.0.30000004, 1.0.30000003, 1.0.30000002, 1.0.30000001, 1.0.20141008, 1.0.20141007, 1.0.20141006, 1.0.20141001, 1.0.20140929, 1.0.20140928, 1.0.20140924, 1.0.20140922, 1.0.20140918, 1.0.20140916, 1.0.20140915, 1.0.20140911, 1.0.20140910, 1.0.20140909, 1.0.20140908, 1.0.20140906, 1.0.20140903, 1.0.20140902, 1.0.20140827, 1.0.20140826, 1.0.20140821, 1.0.20140820, 1.0.20140816, 1.0.20140815, 1.0.20140814, 1.0.20140812, 1.0.20140811, 1.0.20140810, 1.0.20140804, 1.0.20140801, 1.0.20140731, 1.0.20140730, 1.0.20140729, 1.0.20140728, 1.0.20140727, 1.0.20140726, 1.0.20140724, 1.0.20140722, 1.0.20140721, 1.0.20140717, 1.0.20140716, 1.0.20140715, 1.0.20140710, 1.0.20140702, 1.0.20140628, 1.0.20140626, 1.0.20140623, 1.0.20140622, 1.0.20140619, 1.0.20140618, 1.0.20140617, 1.0.20140616, 1.0.20140611, 1.0.20140610, 1.0.20140609, 1.0.20140608, 1.0.20140606, 1.0.20140603, 1.0.20140602, 1.0.20140601, 1.0.20140529, 1.0.20140526, 1.0.20140523, 1.0.20140521, 1.0.20140520, 1.0.20140519, 1.0.20140516, 1.0.20140511, 1.0.20140507, 1.0.20140506, 1.0.20140505, 1.0.20140504, 1.0.20140502, 1.0.20140429, 1.0.20140428, 1.0.20140422, 1.0.20140416, 1.0.20140412, 1.0.20140409, 1.0.20140403, 1.0.20140401, 1.0.20140331, 1.0.20140330, 1.0.20140326, 1.0.20140325, 1.0.20140319, 1.0.20140318, 1.0.20140316, 1.0.20140313, 1.0.20140311, 1.0.20140306, 1.0.20140304, 1.0.20140303, 1.0.20140302, 1.0.20140301, 1.0.20140226, 1.0.20140225, 1.0.20140224
278 verbose stack
278 verbose stack     at pickVersionFromRegistryDocument (/Users/peter/.nvm/versions/node/v5.1.1/lib/node_modules/npm/lib/fetch-package-metadata.js:156:16)
278 verbose stack     at /Users/peter/.nvm/versions/node/v5.1.1/lib/node_modules/npm/node_modules/iferr/index.js:13:50
278 verbose stack     at /Users/peter/.nvm/versions/node/v5.1.1/lib/node_modules/npm/lib/utils/pulse-till-done.js:19:8
278 verbose stack     at saved (/Users/peter/.nvm/versions/node/v5.1.1/lib/node_modules/npm/lib/cache/caching-client.js:168:7)
278 verbose stack     at /Users/peter/.nvm/versions/node/v5.1.1/lib/node_modules/npm/node_modules/graceful-fs/polyfills.js:210:7
278 verbose stack     at FSReqWrap.oncomplete (fs.js:82:15)
279 verbose cwd /Users/peter/repo-farm/haoduoshipin
280 error Darwin 15.0.0
281 error argv "/Users/peter/.nvm/versions/node/v5.1.1/bin/node" "/Users/peter/.nvm/versions/node/v5.1.1/bin/npm" "--registry=https://registry.npm.taobao.org" "--cache=/Users/peter/.npm/.cache/cnpm" "--disturl=https://npm.taobao.org/dist" "--userconfig=/Users/peter/.cnpmrc" "i" "-D" "gulp-autoprefixer"
282 error node v5.1.1
283 error npm  v3.3.12
284 error No compatible version found: caniuse-db@^1.0.30000382
284 error Valid install targets:
284 error 1.0.30000381, 1.0.30000380, 1.0.30000379, 1.0.30000378, 1.0.30000377, 1.0.30000376, 1.0.30000375, 1.0.30000374, 1.0.30000373, 1.0.30000372, 1.0.30000371, 1.0.30000370, 1.0.30000369, 1.0.30000368, 1.0.30000367, 1.0.30000366, 1.0.30000365, 1.0.30000364, 1.0.30000363, 1.0.30000362, 1.0.30000361, 1.0.30000360, 1.0.30000359, 1.0.30000358, 1.0.30000357, 1.0.30000356, 1.0.30000355, 1.0.30000354, 1.0.30000353, 1.0.30000352, 1.0.30000351, 1.0.30000350, 1.0.30000349, 1.0.30000348, 1.0.30000347, 1.0.30000346, 1.0.30000345, 1.0.30000344, 1.0.30000343, 1.0.30000342, 1.0.30000341, 1.0.30000340, 1.0.30000339, 1.0.30000338, 1.0.30000337, 1.0.30000336, 1.0.30000335, 1.0.30000334, 1.0.30000333, 1.0.30000332, 1.0.30000331, 1.0.30000330, 1.0.30000329, 1.0.30000328, 1.0.30000327, 1.0.30000326, 1.0.30000325, 1.0.30000324, 1.0.30000323, 1.0.30000322, 1.0.30000321, 1.0.30000320, 1.0.30000319, 1.0.30000318, 1.0.30000317, 1.0.30000316, 1.0.30000315, 1.0.30000314, 1.0.30000313, 1.0.30000312, 1.0.30000311, 1.0.30000310, 1.0.30000309, 1.0.30000308, 1.0.30000307, 1.0.30000306, 1.0.30000305, 1.0.30000304, 1.0.30000303, 1.0.30000302, 1.0.30000301, 1.0.30000300, 1.0.30000299, 1.0.30000298, 1.0.30000297, 1.0.30000296, 1.0.30000295, 1.0.30000294, 1.0.30000293, 1.0.30000292, 1.0.30000291, 1.0.30000290, 1.0.30000289, 1.0.30000288, 1.0.30000287, 1.0.30000286, 1.0.30000285, 1.0.30000284, 1.0.30000283, 1.0.30000282, 1.0.30000281, 1.0.30000280, 1.0.30000279, 1.0.30000278, 1.0.30000277, 1.0.30000276, 1.0.30000275, 1.0.30000274, 1.0.30000273, 1.0.30000272, 1.0.30000271, 1.0.30000270, 1.0.30000269, 1.0.30000268, 1.0.30000267, 1.0.30000266, 1.0.30000265, 1.0.30000264, 1.0.30000263, 1.0.30000262, 1.0.30000261, 1.0.30000260, 1.0.30000259, 1.0.30000258, 1.0.30000257, 1.0.30000256, 1.0.30000255, 1.0.30000254, 1.0.30000253, 1.0.30000252, 1.0.30000251, 1.0.30000250, 1.0.30000249, 1.0.30000248, 1.0.30000247, 1.0.30000246, 1.0.30000245, 1.0.30000244, 1.0.30000243, 1.0.30000242, 1.0.30000241, 1.0.30000240, 1.0.30000239, 1.0.30000238, 1.0.30000237, 1.0.30000236, 1.0.30000235, 1.0.30000234, 1.0.30000233, 1.0.30000232, 1.0.30000231, 1.0.30000230, 1.0.30000229, 1.0.30000228, 1.0.30000227, 1.0.30000226, 1.0.30000225, 1.0.30000224, 1.0.30000223, 1.0.30000222, 1.0.30000221, 1.0.30000219, 1.0.30000218, 1.0.30000217, 1.0.30000216, 1.0.30000215, 1.0.30000214, 1.0.30000213, 1.0.30000212, 1.0.30000211, 1.0.30000210, 1.0.30000209, 1.0.30000208, 1.0.30000207, 1.0.30000206, 1.0.30000205, 1.0.30000204, 1.0.30000203, 1.0.30000202, 1.0.30000201, 1.0.30000200, 1.0.30000199, 1.0.30000198, 1.0.30000197, 1.0.30000196, 1.0.30000195, 1.0.30000194, 1.0.30000193, 1.0.30000192, 1.0.30000191, 1.0.30000190, 1.0.30000189, 1.0.30000188, 1.0.30000187, 1.0.30000186, 1.0.30000185, 1.0.30000184, 1.0.30000183, 1.0.30000182, 1.0.30000181, 1.0.30000180, 1.0.30000179, 1.0.30000178, 1.0.30000177, 1.0.30000176, 1.0.30000175, 1.0.30000174, 1.0.30000173, 1.0.30000172, 1.0.30000171, 1.0.30000170, 1.0.30000169, 1.0.30000168, 1.0.30000167, 1.0.30000166, 1.0.30000165, 1.0.30000164, 1.0.30000163, 1.0.30000162, 1.0.30000161, 1.0.30000160, 1.0.30000159, 1.0.30000158, 1.0.30000157, 1.0.30000156, 1.0.30000155, 1.0.30000154, 1.0.30000153, 1.0.30000152, 1.0.30000151, 1.0.30000150, 1.0.30000149, 1.0.30000148, 1.0.30000147, 1.0.30000146, 1.0.30000145, 1.0.30000144, 1.0.30000143, 1.0.30000142, 1.0.30000141, 1.0.30000140, 1.0.30000139, 1.0.30000138, 1.0.30000137, 1.0.30000136, 1.0.30000135, 1.0.30000134, 1.0.30000133, 1.0.30000132, 1.0.30000131, 1.0.30000130, 1.0.30000129, 1.0.30000128, 1.0.30000127, 1.0.30000126, 1.0.30000125, 1.0.30000124, 1.0.30000123, 1.0.30000121, 1.0.30000120, 1.0.30000119, 1.0.30000118, 1.0.30000117, 1.0.30000116, 1.0.30000115, 1.0.30000114, 1.0.30000113, 1.0.30000112, 1.0.30000111, 1.0.30000110, 1.0.30000109, 1.0.30000108, 1.0.30000107, 1.0.30000106, 1.0.30000105, 1.0.30000104, 1.0.30000103, 1.0.30000102, 1.0.30000101, 1.0.30000100, 1.0.30000099, 1.0.30000098, 1.0.30000097, 1.0.30000096, 1.0.30000095, 1.0.30000094, 1.0.30000093, 1.0.30000092, 1.0.30000091, 1.0.30000090, 1.0.30000089, 1.0.30000088, 1.0.30000087, 1.0.30000086, 1.0.30000085, 1.0.30000084, 1.0.30000083, 1.0.30000082, 1.0.30000081, 1.0.30000080, 1.0.30000079, 1.0.30000078, 1.0.30000077, 1.0.30000076, 1.0.30000075, 1.0.30000074, 1.0.30000073, 1.0.30000072, 1.0.30000071, 1.0.30000070, 1.0.30000069, 1.0.30000068, 1.0.30000067, 1.0.30000066, 1.0.30000065, 1.0.30000064, 1.0.30000063, 1.0.30000062, 1.0.30000061, 1.0.30000060, 1.0.30000059, 1.0.30000058, 1.0.30000057, 1.0.30000056, 1.0.30000055, 1.0.30000054, 1.0.30000053, 1.0.30000052, 1.0.30000051, 1.0.30000050, 1.0.30000049, 1.0.30000048, 1.0.30000047, 1.0.30000046, 1.0.30000045, 1.0.30000044, 1.0.30000043, 1.0.30000042, 1.0.30000041, 1.0.30000040, 1.0.30000039, 1.0.30000038, 1.0.30000037, 1.0.30000036, 1.0.30000035, 1.0.30000034, 1.0.30000033, 1.0.30000032, 1.0.30000031, 1.0.30000030, 1.0.30000029, 1.0.30000028, 1.0.30000027, 1.0.30000026, 1.0.30000025, 1.0.30000024, 1.0.30000023, 1.0.30000022, 1.0.30000021, 1.0.30000020, 1.0.30000019, 1.0.30000018, 1.0.30000017, 1.0.30000016, 1.0.30000015, 1.0.30000014, 1.0.30000013, 1.0.30000012, 1.0.30000011, 1.0.30000010, 1.0.30000009, 1.0.30000008, 1.0.30000007, 1.0.30000006, 1.0.30000005, 1.0.30000004, 1.0.30000003, 1.0.30000002, 1.0.30000001, 1.0.20141008, 1.0.20141007, 1.0.20141006, 1.0.20141001, 1.0.20140929, 1.0.20140928, 1.0.20140924, 1.0.20140922, 1.0.20140918, 1.0.20140916, 1.0.20140915, 1.0.20140911, 1.0.20140910, 1.0.20140909, 1.0.20140908, 1.0.20140906, 1.0.20140903, 1.0.20140902, 1.0.20140827, 1.0.20140826, 1.0.20140821, 1.0.20140820, 1.0.20140816, 1.0.20140815, 1.0.20140814, 1.0.20140812, 1.0.20140811, 1.0.20140810, 1.0.20140804, 1.0.20140801, 1.0.20140731, 1.0.20140730, 1.0.20140729, 1.0.20140728, 1.0.20140727, 1.0.20140726, 1.0.20140724, 1.0.20140722, 1.0.20140721, 1.0.20140717, 1.0.20140716, 1.0.20140715, 1.0.20140710, 1.0.20140702, 1.0.20140628, 1.0.20140626, 1.0.20140623, 1.0.20140622, 1.0.20140619, 1.0.20140618, 1.0.20140617, 1.0.20140616, 1.0.20140611, 1.0.20140610, 1.0.20140609, 1.0.20140608, 1.0.20140606, 1.0.20140603, 1.0.20140602, 1.0.20140601, 1.0.20140529, 1.0.20140526, 1.0.20140523, 1.0.20140521, 1.0.20140520, 1.0.20140519, 1.0.20140516, 1.0.20140511, 1.0.20140507, 1.0.20140506, 1.0.20140505, 1.0.20140504, 1.0.20140502, 1.0.20140429, 1.0.20140428, 1.0.20140422, 1.0.20140416, 1.0.20140412, 1.0.20140409, 1.0.20140403, 1.0.20140401, 1.0.20140331, 1.0.20140330, 1.0.20140326, 1.0.20140325, 1.0.20140319, 1.0.20140318, 1.0.20140316, 1.0.20140313, 1.0.20140311, 1.0.20140306, 1.0.20140304, 1.0.20140303, 1.0.20140302, 1.0.20140301, 1.0.20140226, 1.0.20140225, 1.0.20140224
285 error If you need help, you may report this error at:
285 error     <https://github.com/npm/npm/issues>
286 verbose exit [ 1, true ]
